<?xml version="1.0" encoding="UTF-8"?>
<testsuite xmlns:xsi="http://www.w3.org/2001/XMLSchema-instance" xsi:noNamespaceSchemaLocation="https://maven.apache.org/surefire/maven-surefire-plugin/xsd/surefire-test-report-3.0.xsd" version="3.0" name="com.viewnext.calculadora.tests.Calculadora1Tests" time="0.026" tests="4" errors="0" skipped="0" failures="0">
  <properties>
[...]
</properties>
  <testcase name="factorialmenos" classname="com.viewnext.calculadora.tests.Calculadora1Tests" time="0.01"/>
  <testcase name="factorial0" classname="com.viewnext.calculadora.tests.Calculadora1Tests" time="0.002"/>
  <testcase name="factorial1" classname="com.viewnext.calculadora.tests.Calculadora1Tests" time="0.0"/>
  <testcase name="factorialmas" classname="com.viewnext.calculadora.tests.Calculadora1Tests" time="0.001"/>
</testsuite>