<?xml version="1.0" encoding="UTF-8"?>
<testsuite xmlns:xsi="http://www.w3.org/2001/XMLSchema-instance" xsi:noNamespaceSchemaLocation="https://maven.apache.org/surefire/maven-surefire-plugin/xsd/surefire-test-report.xsd" name="com.viewnext.calculadora.tests.Calculadora1Tests" time="1.473" tests="7" errors="0" skipped="0" failures="0">
  <properties>
[...]
</properties>
  <testcase name="testmain" classname="com.viewnext.calculadora.tests.Calculadora1Tests" time="1.461"/>
  <testcase name="factorialmenos" classname="com.viewnext.calculadora.tests.Calculadora1Tests" time="0"/>
  <testcase name="testcalculadora" classname="com.viewnext.calculadora.tests.Calculadora1Tests" time="0"/>
  <testcase name="testvalidaciones" classname="com.viewnext.calculadora.tests.Calculadora1Tests" time="0"/>
  <testcase name="factorial0" classname="com.viewnext.calculadora.tests.Calculadora1Tests" time="0.001"/>
  <testcase name="factorial1" classname="com.viewnext.calculadora.tests.Calculadora1Tests" time="0"/>
  <testcase name="factorialmas" classname="com.viewnext.calculadora.tests.Calculadora1Tests" time="0"/>
</testsuite>